manifest_merge_blame_file/debug/manifest-merger-blame-debug-report.txt
1<?xml version="1.0" encoding="utf-8"?>
2<manifest xmlns:android="http://schemas.android.com/apk/res/android"
3    package="app.ij.mlwithtensorflowlite"
4    android:versionCode="1"
5    android:versionName="1.0" >
6
7    <uses-sdk
8        android:minSdkVersion="23"
8-->src\main\AndroidManifest.xml
9        android:targetSdkVersion="30" />
9-->src\main\AndroidManifest.xml
10
11    <uses-permission android:name="android.permission.CAMERA" />
11-->src\main\AndroidManifest.xml:6:5-65
11-->src\main\AndroidManifest.xml:6:22-62
12    <uses-permission android:name="android.permission.WRITE_EXTERNAL_STORAGE" />
12-->src\main\AndroidManifest.xml:7:5-81
12-->src\main\AndroidManifest.xml:7:22-78
13    <uses-permission android:name="android.permission.READ_EXTERNAL_STORAGE" />
13-->src\main\AndroidManifest.xml:8:5-80
13-->src\main\AndroidManifest.xml:8:22-77
14    <uses-permission android:name="android.permission.INTERNET" />
14-->src\main\AndroidManifest.xml:9:5-67
14-->src\main\AndroidManifest.xml:9:22-64
15    <uses-permission android:name="android.permission.ACCESS_NETWORK_STATE" />
15-->[com.google.firebase:firebase-installations:17.1.3] AndroidManifest.xml:9:5-79
15-->[com.google.firebase:firebase-installations:17.1.3] AndroidManifest.xml:9:22-76
16
17    <application
17-->src\main\AndroidManifest.xml:12:5-64:19
18        android:allowBackup="true"
18-->src\main\AndroidManifest.xml:13:9-35
19        android:appComponentFactory="androidx.core.app.CoreComponentFactory"
19-->[androidx.core:core:1.5.0] AndroidManifest.xml:24:18-86
20        android:debuggable="true"
21        android:extractNativeLibs="false"
22        android:icon="@drawable/bg_and_text"
22-->src\main\AndroidManifest.xml:14:9-45
23        android:label="@string/app_name"
23-->src\main\AndroidManifest.xml:15:9-41
24        android:roundIcon="@mipmap/ic_launcher_round"
24-->src\main\AndroidManifest.xml:16:9-54
25        android:supportsRtl="true"
25-->src\main\AndroidManifest.xml:17:9-35
26        android:testOnly="true"
27        android:theme="@style/Theme.AppCompat.NoActionBar" >
27-->src\main\AndroidManifest.xml:18:9-59
28        <activity android:name="app.ij.mlwithtensorflowlite.WelcomeActivity" >
28-->src\main\AndroidManifest.xml:19:9-25:20
28-->src\main\AndroidManifest.xml:19:19-50
29            <intent-filter>
29-->src\main\AndroidManifest.xml:20:13-24:29
30                <action android:name="android.intent.action.MAIN" />
30-->src\main\AndroidManifest.xml:21:17-69
30-->src\main\AndroidManifest.xml:21:25-66
31
32                <category android:name="android.intent.category.LAUNCHER" />
32-->src\main\AndroidManifest.xml:23:17-77
32-->src\main\AndroidManifest.xml:23:27-74
33            </intent-filter>
34        </activity>
35        <activity
35-->src\main\AndroidManifest.xml:28:9-30:40
36            android:name="app.ij.mlwithtensorflowlite.DoctorActivity"
36-->src\main\AndroidManifest.xml:29:13-43
37            android:exported="false" />
37-->src\main\AndroidManifest.xml:30:13-37
38        <activity
38-->src\main\AndroidManifest.xml:32:9-34:40
39            android:name="app.ij.mlwithtensorflowlite.IntroActivity"
39-->src\main\AndroidManifest.xml:33:13-42
40            android:exported="false" />
40-->src\main\AndroidManifest.xml:34:13-37
41        <activity
41-->src\main\AndroidManifest.xml:36:9-38:40
42            android:name="app.ij.mlwithtensorflowlite.GetSavedDataActivity"
42-->src\main\AndroidManifest.xml:37:13-49
43            android:exported="false" />
43-->src\main\AndroidManifest.xml:38:13-37
44        <activity
44-->src\main\AndroidManifest.xml:40:9-42:40
45            android:name="app.ij.mlwithtensorflowlite.TestCTActivity"
45-->src\main\AndroidManifest.xml:41:13-43
46            android:exported="false" />
46-->src\main\AndroidManifest.xml:42:13-37
47        <activity
47-->src\main\AndroidManifest.xml:44:9-46:40
48            android:name="app.ij.mlwithtensorflowlite.PatientActivity"
48-->src\main\AndroidManifest.xml:45:13-44
49            android:exported="false" />
49-->src\main\AndroidManifest.xml:46:13-37
50        <activity
50-->src\main\AndroidManifest.xml:48:9-50:40
51            android:name="app.ij.mlwithtensorflowlite.SigninActivity"
51-->src\main\AndroidManifest.xml:49:13-43
52            android:exported="false" />
52-->src\main\AndroidManifest.xml:50:13-37
53        <activity
53-->src\main\AndroidManifest.xml:52:9-54:40
54            android:name="app.ij.mlwithtensorflowlite.SignInUpActivity"
54-->src\main\AndroidManifest.xml:53:13-45
55            android:exported="false" />
55-->src\main\AndroidManifest.xml:54:13-37
56        <activity
56-->src\main\AndroidManifest.xml:56:9-58:40
57            android:name="app.ij.mlwithtensorflowlite.SignupActivity"
57-->src\main\AndroidManifest.xml:57:13-43
58            android:exported="false" />
58-->src\main\AndroidManifest.xml:58:13-37
59        <activity
59-->src\main\AndroidManifest.xml:60:9-62:40
60            android:name="app.ij.mlwithtensorflowlite.SelectedDataActivity"
60-->src\main\AndroidManifest.xml:61:13-49
61            android:exported="false" />
61-->src\main\AndroidManifest.xml:62:13-37
62
63        <service
63-->[com.google.firebase:firebase-ml-modeldownloader:24.1.2] AndroidManifest.xml:25:9-31:19
64            android:name="com.google.firebase.components.ComponentDiscoveryService"
64-->[com.google.firebase:firebase-ml-modeldownloader:24.1.2] AndroidManifest.xml:26:13-84
65            android:directBootAware="true"
65-->[com.google.firebase:firebase-common:20.3.2] AndroidManifest.xml:34:13-43
66            android:exported="false" >
66-->[com.google.firebase:firebase-ml-modeldownloader:24.1.2] AndroidManifest.xml:27:13-37
67            <meta-data
67-->[com.google.firebase:firebase-ml-modeldownloader:24.1.2] AndroidManifest.xml:28:13-30:85
68                android:name="com.google.firebase.components:com.google.firebase.ml.modeldownloader.FirebaseModelDownloaderRegistrar"
68-->[com.google.firebase:firebase-ml-modeldownloader:24.1.2] AndroidManifest.xml:29:17-134
69                android:value="com.google.firebase.components.ComponentRegistrar" />
69-->[com.google.firebase:firebase-ml-modeldownloader:24.1.2] AndroidManifest.xml:30:17-82
70            <meta-data
70-->[com.google.firebase:firebase-datatransport:18.1.7] AndroidManifest.xml:27:13-29:85
71                android:name="com.google.firebase.components:com.google.firebase.datatransport.TransportRegistrar"
71-->[com.google.firebase:firebase-datatransport:18.1.7] AndroidManifest.xml:28:17-115
72                android:value="com.google.firebase.components.ComponentRegistrar" />
72-->[com.google.firebase:firebase-datatransport:18.1.7] AndroidManifest.xml:29:17-82
73            <meta-data
73-->[com.google.firebase:firebase-installations:17.1.3] AndroidManifest.xml:17:13-19:85
74                android:name="com.google.firebase.components:com.google.firebase.installations.FirebaseInstallationsRegistrar"
74-->[com.google.firebase:firebase-installations:17.1.3] AndroidManifest.xml:18:17-127
75                android:value="com.google.firebase.components.ComponentRegistrar" />
75-->[com.google.firebase:firebase-installations:17.1.3] AndroidManifest.xml:19:17-82
76        </service>
77
78        <provider
78-->[com.google.firebase:firebase-common:20.3.2] AndroidManifest.xml:25:9-30:39
79            android:name="com.google.firebase.provider.FirebaseInitProvider"
79-->[com.google.firebase:firebase-common:20.3.2] AndroidManifest.xml:26:13-77
80            android:authorities="app.ij.mlwithtensorflowlite.firebaseinitprovider"
80-->[com.google.firebase:firebase-common:20.3.2] AndroidManifest.xml:27:13-72
81            android:directBootAware="true"
81-->[com.google.firebase:firebase-common:20.3.2] AndroidManifest.xml:28:13-43
82            android:exported="false"
82-->[com.google.firebase:firebase-common:20.3.2] AndroidManifest.xml:29:13-37
83            android:initOrder="100" />
83-->[com.google.firebase:firebase-common:20.3.2] AndroidManifest.xml:30:13-36
84
85        <meta-data
85-->[com.google.android.gms:play-services-basement:18.1.0] AndroidManifest.xml:21:9-23:69
86            android:name="com.google.android.gms.version"
86-->[com.google.android.gms:play-services-basement:18.1.0] AndroidManifest.xml:22:13-58
87            android:value="@integer/google_play_services_version" />
87-->[com.google.android.gms:play-services-basement:18.1.0] AndroidManifest.xml:23:13-66
88
89        <service
89-->[com.google.android.datatransport:transport-backend-cct:3.1.8] AndroidManifest.xml:28:9-34:19
90            android:name="com.google.android.datatransport.runtime.backends.TransportBackendDiscovery"
90-->[com.google.android.datatransport:transport-backend-cct:3.1.8] AndroidManifest.xml:29:13-103
91            android:exported="false" >
91-->[com.google.android.datatransport:transport-backend-cct:3.1.8] AndroidManifest.xml:30:13-37
92            <meta-data
92-->[com.google.android.datatransport:transport-backend-cct:3.1.8] AndroidManifest.xml:31:13-33:39
93                android:name="backend:com.google.android.datatransport.cct.CctBackendFactory"
93-->[com.google.android.datatransport:transport-backend-cct:3.1.8] AndroidManifest.xml:32:17-94
94                android:value="cct" />
94-->[com.google.android.datatransport:transport-backend-cct:3.1.8] AndroidManifest.xml:33:17-36
95        </service>
96        <service
96-->[com.google.android.datatransport:transport-runtime:3.1.8] AndroidManifest.xml:26:9-30:19
97            android:name="com.google.android.datatransport.runtime.scheduling.jobscheduling.JobInfoSchedulerService"
97-->[com.google.android.datatransport:transport-runtime:3.1.8] AndroidManifest.xml:27:13-117
98            android:exported="false"
98-->[com.google.android.datatransport:transport-runtime:3.1.8] AndroidManifest.xml:28:13-37
99            android:permission="android.permission.BIND_JOB_SERVICE" >
99-->[com.google.android.datatransport:transport-runtime:3.1.8] AndroidManifest.xml:29:13-69
100        </service>
101
102        <receiver
102-->[com.google.android.datatransport:transport-runtime:3.1.8] AndroidManifest.xml:32:9-34:40
103            android:name="com.google.android.datatransport.runtime.scheduling.jobscheduling.AlarmManagerSchedulerBroadcastReceiver"
103-->[com.google.android.datatransport:transport-runtime:3.1.8] AndroidManifest.xml:33:13-132
104            android:exported="false" />
104-->[com.google.android.datatransport:transport-runtime:3.1.8] AndroidManifest.xml:34:13-37
105    </application>
106
107</manifest>